{"meta": {"format": 3, "version": "7.6.8", "timestamp": "2026-09-21T10:28:28.251395", "branch_coverage": true, "show_contexts": false}, "files": {"superset/sql/parse.py": {"executed_lines": [18, 20, 21, 22, 23, 24, 25, 26, 27, 29, 30, 31, 32, 36, 37, 38, 41, 47, 48, 50, 54, 58, 121, 122, 128, 129, 130, 133, 134, 135, 138, 139, 143, 144, 147, 148, 152, 158, 159, 160, 162, 166, 171, 172, 174, 177, 178, 199, 200, 201, 203, 204, 205, 208, 209, 211, 212, 213, 214, 218, 220, 221, 222, 223, 227, 229, 232, 233, 255, 256, 257, 259, 260, 261, 269, 271, 272, 281, 284, 285, 286, 290, 291, 292, 294, 301, 307, 308, 310, 319, 332, 338, 341, 342, 353, 359, 360, 361, 362, 364, 366, 367, 369, 370, 384, 385, 399, 400, 410, 416, 428, 434, 442, 448, 457, 466, 472, 482, 490, 499, 513, 521, 530, 546, 547, 550, 551, 557, 563, 564, 566, 567, 576, 577, 578, 579, 583, 584, 585, 586, 588, 590, 592, 601, 602, 603, 611, 612, 613, 614, 615, 616, 618, 619, 621, 623, 624, 629, 633, 634, 642, 643, 644, 650, 652, 653, 661, 662, 664, 668, 670, 676, 687, 688, 689, 693, 696, 704, 708, 714, 715, 720, 722, 726, 733, 742, 751, 756, 757, 759, 761, 763, 770, 778, 780, 787, 788, 790, 792, 793, 795, 799, 800, 801, 802, 805, 806, 808, 810, 818, 819, 822, 823, 831, 833, 839, 841, 852, 853, 854, 858, 863, 871, 876, 882, 884, 890, 899, 906, 908, 922, 923, 925, 929, 930, 932, 933, 936, 937, 944, 945, 946, 947, 950, 951, 955, 956, 957, 958, 959, 960, 963, 967, 968, 969, 970, 971, 972, 973, 974, 975, 976, 977, 979, 981, 984, 989, 990, 991, 992, 994, 995, 996, 997, 998, 999, 1000, 1005, 1006, 1007, 1008, 1010, 1012, 1013, 1030, 1031, 1032, 1033, 1035, 1036, 1038, 1041, 1046, 1047, 1048, 1050, 1051, 1052, 1053, 1054, 1056, 1058, 1059, 1061, 1064, 1065, 1081, 1087, 1089, 1090, 1102, 1106, 1107, 1112, 1113, 1119, 1120, 1121, 1127, 1129, 1130, 1144, 1148, 1150, 1154, 1156, 1165, 1166, 1167, 1169, 1171, 1175, 1177, 1183, 1185, 1191, 1193, 1200, 1201, 1203, 1210, 1211, 1213, 1217, 1222, 1223, 1224, 1225, 1226, 1228, 1230, 1238, 1239, 1245, 1246, 1247, 1248, 1249, 1251, 1252, 1253, 1255, 1266, 1268, 1275, 1278, 1279, 1286, 1290, 1295, 1296, 1297, 1299, 1306, 1308, 1317, 1318, 1319, 1321, 1323, 1329, 1331, 1335, 1336, 1340, 1342, 1349, 1354, 1361, 1365, 1372, 1374, 1381, 1384, 1401, 1404, 1405, 1408, 1409, 1410, 1412, 1413, 1414, 1415, 1416, 1418, 1425, 1435, 1447, 1448, 1454, 1457, 1460, 1461, 1462, 1468, 1469, 1472, 1476, 1477, 1479, 1480, 1482, 1485, 1507, 1511, 1512, 1514, 1516, 1517, 1522, 1523, 1532, 1533, 1536, 1537, 1538, 1541, 1542, 1543, 1545, 1549, 1550, 1552, 1555, 1559, 1560, 1561, 1562, 1564, 1570, 1571, 1574], "summary": {"covered_lines": 437, "num_statements": 448, "percent_covered": 97.74305555555556, "percent_covered_display": "98", "missing_lines": 11, "excluded_lines": 23, "num_branches": 128, "num_partial_branches": 0, "covered_branches": 126, "missing_branches": 2}, "missing_lines": [1592, 1595, 1596, 1599, 1601, 1602, 1603, 1609, 1610, 1611, 1612], "excluded_lines": [50, 51, 382, 397, 408, 414, 426, 432, 440, 446, 455, 464, 470, 480, 488, 497, 511, 519, 528, 544, 615, 616, 694], "executed_branches": [[171, 172], [171, 174], [200, 201], [200, 203], [204, 205], [204, 208], [208, 209], [208, 211], [211, 212], [211, 220], [213, 214], [213, 218], [220, 221], [220, 229], [222, 223], [222, 227], [256, 257], [256, 259], [259, 260], [259, 281], [260, 261], [260, 269], [359, 360], [359, 361], [361, 362], [361, 364], [583, 584], [583, 592], [611, 612], [611, 621], [643, 644], [643, 650], [687, 688], [687, 693], [688, 687], [688, 689], [696, 704], [696, 708], [708, 714], [708, 720], [756, 757], [756, 759], [799, 800], [799, 801], [801, 802], [801, 808], [805, 806], [805, 808], [818, 819], [818, 822], [822, 823], [822, 831], [922, 923], [922, 925], [929, 930], [929, 932], [968, 969], [968, 981], [970, 971], [970, 972], [972, 973], [972, 974], [974, 975], [974, 976], [976, 977], [976, 979], [994, 995], [994, 1035], [995, 996], [995, 1012], [996, 997], [996, 1006], [997, 998], [997, 1000], [1006, 1007], [1006, 1010], [1030, 994], [1030, 1031], [1035, 1036], [1035, 1038], [1050, 1051], [1050, 1058], [1051, 1052], [1051, 1056], [1052, 1050], [1052, 1053], [1058, 1059], [1058, 1061], [1112, 1113], [1112, 1119], [1120, 1121], [1120, 1127], [1166, 1167], [1166, 1169], [1222, 1223], [1222, 1228], [1223, 1222], [1223, 1224], [1224, 1225], [1224, 1226], [1238, 1239], [1238, 1245], [1247, 1248], [1247, 1255], [1248, 1249], [1248, 1251], [1251, 1247], [1251, 1252], [1318, 1319], [1318, 1321], [1401, 1404], [1401, 1405], [1405, 1408], [1405, 1418], [1409, 1410], [1409, 1412], [1476, 1477], [1476, 1479], [1479, 1480], [1479, 1482], [1516, 1517], [1516, 1541], [1517, 1516], [1517, 1522], [1549, 1550], [1549, 1552]], "missing_branches": [[1595, 1596], [1595, 1599]], "functions": {"RLSTransformer.__init__": {"executed_lines": [158, 159, 160], "summary": {"covered_lines": 3, "num_statements": 3, "percent_covered": 100.0, "percent_covered_display": "100", "missing_lines": 0, "excluded_lines": 0, "num_branches": 0, "num_partial_branches": 0, "covered_branches": 0, "missing_branches": 0}, "missing_lines": [], "excluded_lines": [], "executed_branches": [], "missing_branches": []}, "RLSTransformer.get_predicate": {"executed_lines": [166, 171, 172, 174], "summary": {"covered_lines": 4, "num_statements": 4, "percent_covered": 100.0, "percent_covered_display": "100", "missing_lines": 0, "excluded_lines": 0, "num_branches": 2, "num_partial_branches": 0, "covered_branches": 2, "missing_branches": 0}, "missing_lines": [], "excluded_lines": [], "executed_branches": [[171, 172], [171, 174]], "missing_branches": []}, "RLSAsPredicateTransformer.__call__": {"executed_lines": [200, 201, 203, 204, 205, 208, 209, 211, 212, 213, 214, 218, 220, 221, 222, 223, 227, 229], "summary": {"covered_lines": 18, "num_statements": 18, "percent_covered": 100.0, "percent_covered_display": "100", "missing_lines": 0, "excluded_lines": 0, "num_branches": 14, "num_partial_branches": 0, "covered_branches": 14, "missing_branches": 0}, "missing_lines": [], "excluded_lines": [], "executed_branches": [[200, 201], [200, 203], [204, 205], [204, 208], [208, 209], [208, 211], [211, 212], [211, 220], [213, 214], [213, 218], [220, 221], [220, 229], [222, 223], [222, 227]], "missing_branches": []}, "RLSAsSubqueryTransformer.__call__": {"executed_lines": [256, 257, 259, 260, 261, 269, 271, 272, 281], "summary": {"covered_lines": 9, "num_statements": 9, "percent_covered": 100.0, "percent_covered_display": "100", "missing_lines": 0, "excluded_lines": 0, "num_branches": 6, "num_partial_branches": 0, "covered_branches": 6, "missing_branches": 0}, "missing_lines": [], "excluded_lines": [], "executed_branches": [[256, 257], [256, 259], [259, 260], [259, 281], [260, 261], [260, 269]], "missing_branches": []}, "Table.__str__": {"executed_lines": [301], "summary": {"covered_lines": 1, "num_statements": 1, "percent_covered": 100.0, "percent_covered_display": "100", "missing_lines": 0, "excluded_lines": 0, "num_branches": 0, "num_partial_branches": 0, "covered_branches": 0, "missing_branches": 0}, "missing_lines": [], "excluded_lines": [], "executed_branches": [], "missing_branches": []}, "Table.__eq__": {"executed_lines": [308], "summary": {"covered_lines": 1, "num_statements": 1, "percent_covered": 100.0, "percent_covered_display": "100", "missing_lines": 0, "excluded_lines": 0, "num_branches": 0, "num_partial_branches": 0, "covered_branches": 0, "missing_branches": 0}, "missing_lines": [], "excluded_lines": [], "executed_branches": [], "missing_branches": []}, "Table.qualify": {"executed_lines": [319], "summary": {"covered_lines": 1, "num_statements": 1, "percent_covered": 100.0, "percent_covered_display": "100", "missing_lines": 0, "excluded_lines": 0, "num_branches": 0, "num_partial_branches": 0, "covered_branches": 0, "missing_branches": 0}, "missing_lines": [], "excluded_lines": [], "executed_branches": [], "missing_branches": []}, "BaseSQLStatement.__init__": {"executed_lines": [359, 360, 361, 362, 364, 366, 367], "summary": {"covered_lines": 7, "num_statements": 7, "percent_covered": 100.0, "percent_covered_display": "100", "missing_lines": 0, "excluded_lines": 0, "num_branches": 4, "num_partial_branches": 0, "covered_branches": 4, "missing_branches": 0}, "missing_lines": [], "excluded_lines": [], "executed_branches": [[359, 360], [359, 361], [361, 362], [361, 364]], "missing_branches": []}, "BaseSQLStatement.split_script": {"executed_lines": [], "summary": {"covered_lines": 0, "num_statements": 0, "percent_covered": 100.0, "percent_covered_display": "100", "missing_lines": 0, "excluded_lines": 1, "num_branches": 0, "num_partial_branches": 0, "covered_branches": 0, "missing_branches": 0}, "missing_lines": [], "excluded_lines": [382], "executed_branches": [], "missing_branches": []}, "BaseSQLStatement._parse_statement": {"executed_lines": [], "summary": {"covered_lines": 0, "num_statements": 0, "percent_covered": 100.0, "percent_covered_display": "100", "missing_lines": 0, "excluded_lines": 1, "num_branches": 0, "num_partial_branches": 0, "covered_branches": 0, "missing_branches": 0}, "missing_lines": [], "excluded_lines": [397], "executed_branches": [], "missing_branches": []}, "BaseSQLStatement._extract_tables_from_statement": {"executed_lines": [], "summary": {"covered_lines": 0, "num_statements": 0, "percent_covered": 100.0, "percent_covered_display": "100", "missing_lines": 0, "excluded_lines": 1, "num_branches": 0, "num_partial_branches": 0, "covered_branches": 0, "missing_branches": 0}, "missing_lines": [], "excluded_lines": [408], "executed_branches": [], "missing_branches": []}, "BaseSQLStatement.format": {"executed_lines": [], "summary": {"covered_lines": 0, "num_statements": 0, "percent_covered": 100.0, "percent_covered_display": "100", "missing_lines": 0, "excluded_lines": 1, "num_branches": 0, "num_partial_branches": 0, "covered_branches": 0, "missing_branches": 0}, "missing_lines": [], "excluded_lines": [414], "executed_branches": [], "missing_branches": []}, "BaseSQLStatement.get_settings": {"executed_lines": [], "summary": {"covered_lines": 0, "num_statements": 0, "percent_covered": 100.0, "percent_covered_display": "100", "missing_lines": 0, "excluded_lines": 1, "num_branches": 0, "num_partial_branches": 0, "covered_branches": 0, "missing_branches": 0}, "missing_lines": [], "excluded_lines": [426], "executed_branches": [], "missing_branches": []}, "BaseSQLStatement.is_select": {"executed_lines": [], "summary": {"covered_lines": 0, "num_statements": 0, "percent_covered": 100.0, "percent_covered_display": "100", "missing_lines": 0, "excluded_lines": 1, "num_branches": 0, "num_partial_branches": 0, "covered_branches": 0, "missing_branches": 0}, "missing_lines": [], "excluded_lines": [432], "executed_branches": [], "missing_branches": []}, "BaseSQLStatement.is_mutating": {"executed_lines": [], "summary": {"covered_lines": 0, "num_statements": 0, "percent_covered": 100.0, "percent_covered_display": "100", "missing_lines": 0, "excluded_lines": 1, "num_branches": 0, "num_partial_branches": 0, "covered_branches": 0, "missing_branches": 0}, "missing_lines": [], "excluded_lines": [440], "executed_branches": [], "missing_branches": []}, "BaseSQLStatement.optimize": {"executed_lines": [], "summary": {"covered_lines": 0, "num_statements": 0, "percent_covered": 100.0, "percent_covered_display": "100", "missing_lines": 0, "excluded_lines": 1, "num_branches": 0, "num_partial_branches": 0, "covered_branches": 0, "missing_branches": 0}, "missing_lines": [], "excluded_lines": [446], "executed_branches": [], "missing_branches": []}, "BaseSQLStatement.check_functions_present": {"executed_lines": [], "summary": {"covered_lines": 0, "num_statements": 0, "percent_covered": 100.0, "percent_covered_display": "100", "missing_lines": 0, "excluded_lines": 1, "num_branches": 0, "num_partial_branches": 0, "covered_branches": 0, "missing_branches": 0}, "missing_lines": [], "excluded_lines": [455], "executed_branches": [], "missing_branches": []}, "BaseSQLStatement.check_tables_present": {"executed_lines": [], "summary": {"covered_lines": 0, "num_statements": 0, "percent_covered": 100.0, "percent_covered_display": "100", "missing_lines": 0, "excluded_lines": 1, "num_branches": 0, "num_partial_branches": 0, "covered_branches": 0, "missing_branches": 0}, "missing_lines": [], "excluded_lines": [464], "executed_branches": [], "missing_branches": []}, "BaseSQLStatement.get_limit_value": {"executed_lines": [], "summary": {"covered_lines": 0, "num_statements": 0, "percent_covered": 100.0, "percent_covered_display": "100", "missing_lines": 0, "excluded_lines": 1, "num_branches": 0, "num_partial_branches": 0, "covered_branches": 0, "missing_branches": 0}, "missing_lines": [], "excluded_lines": [470], "executed_branches": [], "missing_branches": []}, "BaseSQLStatement.set_limit_value": {"executed_lines": [], "summary": {"covered_lines": 0, "num_statements": 0, "percent_covered": 100.0, "percent_covered_display": "100", "missing_lines": 0, "excluded_lines": 1, "num_branches": 0, "num_partial_branches": 0, "covered_branches": 0, "missing_branches": 0}, "missing_lines": [], "excluded_lines": [480], "executed_branches": [], "missing_branches": []}, "BaseSQLStatement.has_cte": {"executed_lines": [], "summary": {"covered_lines": 0, "num_statements": 0, "percent_covered": 100.0, "percent_covered_display": "100", "missing_lines": 0, "excluded_lines": 1, "num_branches": 0, "num_partial_branches": 0, "covered_branches": 0, "missing_branches": 0}, "missing_lines": [], "excluded_lines": [488], "executed_branches": [], "missing_branches": []}, "BaseSQLStatement.as_cte": {"executed_lines": [], "summary": {"covered_lines": 0, "num_statements": 0, "percent_covered": 100.0, "percent_covered_display": "100", "missing_lines": 0, "excluded_lines": 1, "num_branches": 0, "num_partial_branches": 0, "covered_branches": 0, "missing_branches": 0}, "missing_lines": [], "excluded_lines": [497], "executed_branches": [], "missing_branches": []}, "BaseSQLStatement.as_create_table": {"executed_lines": [], "summary": {"covered_lines": 0, "num_statements": 0, "percent_covered": 100.0, "percent_covered_display": "100", "missing_lines": 0, "excluded_lines": 1, "num_branches": 0, "num_partial_branches": 0, "covered_branches": 0, "missing_branches": 0}, "missing_lines": [], "excluded_lines": [511], "executed_branches": [], "missing_branches": []}, "BaseSQLStatement.has_subquery": {"executed_lines": [], "summary": {"covered_lines": 0, "num_statements": 0, "percent_covered": 100.0, "percent_covered_display": "100", "missing_lines": 0, "excluded_lines": 1, "num_branches": 0, "num_partial_branches": 0, "covered_branches": 0, "missing_branches": 0}, "missing_lines": [], "excluded_lines": [519], "executed_branches": [], "missing_branches": []}, "BaseSQLStatement.parse_predicate": {"executed_lines": [], "summary": {"covered_lines": 0, "num_statements": 0, "percent_covered": 100.0, "percent_covered_display": "100", "missing_lines": 0, "excluded_lines": 1, "num_branches": 0, "num_partial_branches": 0, "covered_branches": 0, "missing_branches": 0}, "missing_lines": [], "excluded_lines": [528], "executed_branches": [], "missing_branches": []}, "BaseSQLStatement.apply_rls": {"executed_lines": [], "summary": {"covered_lines": 0, "num_statements": 0, "percent_covered": 100.0, "percent_covered_display": "100", "missing_lines": 0, "excluded_lines": 1, "num_branches": 0, "num_partial_branches": 0, "covered_branches": 0, "missing_branches": 0}, "missing_lines": [], "excluded_lines": [544], "executed_branches": [], "missing_branches": []}, "BaseSQLStatement.__str__": {"executed_lines": [547], "summary": {"covered_lines": 1, "num_statements": 1, "percent_covered": 100.0, "percent_covered_display": "100", "missing_lines": 0, "excluded_lines": 0, "num_branches": 0, "num_partial_branches": 0, "covered_branches": 0, "missing_branches": 0}, "missing_lines": [], "excluded_lines": [], "executed_branches": [], "missing_branches": []}, "SQLStatement.__init__": {"executed_lines": [563, 564], "summary": {"covered_lines": 2, "num_statements": 2, "percent_covered": 100.0, "percent_covered_display": "100", "missing_lines": 0, "excluded_lines": 0, "num_branches": 0, "num_partial_branches": 0, "covered_branches": 0, "missing_branches": 0}, "missing_lines": [], "excluded_lines": [], "executed_branches": [], "missing_branches": []}, "SQLStatement._parse": {"executed_lines": [576, 577, 578, 579, 583, 584, 585, 586, 588, 590, 592, 601, 602, 603, 611, 612, 613, 614, 615, 616, 618, 619, 621], "summary": {"covered_lines": 21, "num_statements": 21, "percent_covered": 100.0, "percent_covered_display": "100", "missing_lines": 0, "excluded_lines": 2, "num_branches": 4, "num_partial_branches": 0, "covered_branches": 4, "missing_branches": 0}, "missing_lines": [], "excluded_lines": [615, 616], "executed_branches": [[583, 584], [583, 592], [611, 612], [611, 621]], "missing_branches": []}, "SQLStatement.split_script": {"executed_lines": [629], "summary": {"covered_lines": 1, "num_statements": 1, "percent_covered": 100.0, "percent_covered_display": "100", "missing_lines": 0, "excluded_lines": 0, "num_branches": 0, "num_partial_branches": 0, "covered_branches": 0, "missing_branches": 0}, "missing_lines": [], "excluded_lines": [], "executed_branches": [], "missing_branches": []}, "SQLStatement._parse_statement": {"executed_lines": [642, 643, 644, 650], "summary": {"covered_lines": 4, "num_statements": 4, "percent_covered": 100.0, "percent_covered_display": "100", "missing_lines": 0, "excluded_lines": 0, "num_branches": 2, "num_partial_branches": 0, "covered_branches": 2, "missing_branches": 0}, "missing_lines": [], "excluded_lines": [], "executed_branches": [[643, 644], [643, 650]], "missing_branches": []}, "SQLStatement._extract_tables_from_statement": {"executed_lines": [661, 662], "summary": {"covered_lines": 2, "num_statements": 2, "percent_covered": 100.0, "percent_covered_display": "100", "missing_lines": 0, "excluded_lines": 0, "num_branches": 0, "num_partial_branches": 0, "covered_branches": 0, "missing_branches": 0}, "missing_lines": [], "excluded_lines": [], "executed_branches": [], "missing_branches": []}, "SQLStatement.is_select": {"executed_lines": [668], "summary": {"covered_lines": 1, "num_statements": 1, "percent_covered": 100.0, "percent_covered_display": "100", "missing_lines": 0, "excluded_lines": 0, "num_branches": 0, "num_partial_branches": 0, "covered_branches": 0, "missing_branches": 0}, "missing_lines": [], "excluded_lines": [], "executed_branches": [], "missing_branches": []}, "SQLStatement.is_mutating": {"executed_lines": [676, 687, 688, 689, 693, 696, 704, 708, 714, 715, 720], "summary": {"covered_lines": 11, "num_statements": 11, "percent_covered": 100.0, "percent_covered_display": "100", "missing_lines": 0, "excluded_lines": 1, "num_branches": 8, "num_partial_branches": 0, "covered_branches": 8, "missing_branches": 0}, "missing_lines": [], "excluded_lines": [694], "executed_branches": [[687, 688], [687, 693], [688, 687], [688, 689], [696, 704], [696, 708], [708, 714], [708, 720]], "missing_branches": []}, "SQLStatement.format": {"executed_lines": [726], "summary": {"covered_lines": 1, "num_statements": 1, "percent_covered": 100.0, "percent_covered_display": "100", "missing_lines": 0, "excluded_lines": 0, "num_branches": 0, "num_partial_branches": 0, "covered_branches": 0, "missing_branches": 0}, "missing_lines": [], "excluded_lines": [], "executed_branches": [], "missing_branches": []}, "SQLStatement.get_settings": {"executed_lines": [742], "summary": {"covered_lines": 1, "num_statements": 1, "percent_covered": 100.0, "percent_covered_display": "100", "missing_lines": 0, "excluded_lines": 0, "num_branches": 0, "num_partial_branches": 0, "covered_branches": 0, "missing_branches": 0}, "missing_lines": [], "excluded_lines": [], "executed_branches": [], "missing_branches": []}, "SQLStatement.optimize": {"executed_lines": [756, 757, 759, 761], "summary": {"covered_lines": 4, "num_statements": 4, "percent_covered": 100.0, "percent_covered_display": "100", "missing_lines": 0, "excluded_lines": 0, "num_branches": 2, "num_partial_branches": 0, "covered_branches": 2, "missing_branches": 0}, "missing_lines": [], "excluded_lines": [], "executed_branches": [[756, 757], [756, 759]], "missing_branches": []}, "SQLStatement.check_functions_present": {"executed_lines": [770, 778], "summary": {"covered_lines": 2, "num_statements": 2, "percent_covered": 100.0, "percent_covered_display": "100", "missing_lines": 0, "excluded_lines": 0, "num_branches": 0, "num_partial_branches": 0, "covered_branches": 0, "missing_branches": 0}, "missing_lines": [], "excluded_lines": [], "executed_branches": [], "missing_branches": []}, "SQLStatement.check_tables_present": {"executed_lines": [787, 788], "summary": {"covered_lines": 2, "num_statements": 2, "percent_covered": 100.0, "percent_covered_display": "100", "missing_lines": 0, "excluded_lines": 0, "num_branches": 0, "num_partial_branches": 0, "covered_branches": 0, "missing_branches": 0}, "missing_lines": [], "excluded_lines": [], "executed_branches": [], "missing_branches": []}, "SQLStatement._has_limit_by": {"executed_lines": [792, 793], "summary": {"covered_lines": 2, "num_statements": 2, "percent_covered": 100.0, "percent_covered_display": "100", "missing_lines": 0, "excluded_lines": 0, "num_branches": 0, "num_partial_branches": 0, "covered_branches": 0, "missing_branches": 0}, "missing_lines": [], "excluded_lines": [], "executed_branches": [], "missing_branches": []}, "SQLStatement.get_limit_value": {"executed_lines": [799, 800, 801, 802, 805, 806, 808], "summary": {"covered_lines": 7, "num_statements": 7, "percent_covered": 100.0, "percent_covered_display": "100", "missing_lines": 0, "excluded_lines": 0, "num_branches": 6, "num_partial_branches": 0, "covered_branches": 6, "missing_branches": 0}, "missing_lines": [], "excluded_lines": [], "executed_branches": [[799, 800], [799, 801], [801, 802], [801, 808], [805, 806], [805, 808]], "missing_branches": []}, "SQLStatement.set_limit_value": {"executed_lines": [818, 819, 822, 823, 831], "summary": {"covered_lines": 5, "num_statements": 5, "percent_covered": 100.0, "percent_covered_display": "100", "missing_lines": 0, "excluded_lines": 0, "num_branches": 4, "num_partial_branches": 0, "covered_branches": 4, "missing_branches": 0}, "missing_lines": [], "excluded_lines": [], "executed_branches": [[818, 819], [818, 822], [822, 823], [822, 831]], "missing_branches": []}, "SQLStatement.has_cte": {"executed_lines": [839], "summary": {"covered_lines": 1, "num_statements": 1, "percent_covered": 100.0, "percent_covered_display": "100", "missing_lines": 0, "excluded_lines": 0, "num_branches": 0, "num_partial_branches": 0, "covered_branches": 0, "missing_branches": 0}, "missing_lines": [], "excluded_lines": [], "executed_branches": [], "missing_branches": []}, "SQLStatement.as_cte": {"executed_lines": [852, 853, 854, 858], "summary": {"covered_lines": 4, "num_statements": 4, "percent_covered": 100.0, "percent_covered_display": "100", "missing_lines": 0, "excluded_lines": 0, "num_branches": 0, "num_partial_branches": 0, "covered_branches": 0, "missing_branches": 0}, "missing_lines": [], "excluded_lines": [], "executed_branches": [], "missing_branches": []}, "SQLStatement.as_create_table": {"executed_lines": [871, 876, 882], "summary": {"covered_lines": 3, "num_statements": 3, "percent_covered": 100.0, "percent_covered_display": "100", "missing_lines": 0, "excluded_lines": 0, "num_branches": 0, "num_partial_branches": 0, "covered_branches": 0, "missing_branches": 0}, "missing_lines": [], "excluded_lines": [], "executed_branches": [], "missing_branches": []}, "SQLStatement.has_subquery": {"executed_lines": [890], "summary": {"covered_lines": 1, "num_statements": 1, "percent_covered": 100.0, "percent_covered_display": "100", "missing_lines": 0, "excluded_lines": 0, "num_branches": 0, "num_partial_branches": 0, "covered_branches": 0, "missing_branches": 0}, "missing_lines": [], "excluded_lines": [], "executed_branches": [], "missing_branches": []}, "SQLStatement.parse_predicate": {"executed_lines": [906], "summary": {"covered_lines": 1, "num_statements": 1, "percent_covered": 100.0, "percent_covered_display": "100", "missing_lines": 0, "excluded_lines": 0, "num_branches": 0, "num_partial_branches": 0, "covered_branches": 0, "missing_branches": 0}, "missing_lines": [], "excluded_lines": [], "executed_branches": [], "missing_branches": []}, "SQLStatement.apply_rls": {"executed_lines": [922, 923, 925, 929, 930, 932, 933], "summary": {"covered_lines": 7, "num_statements": 7, "percent_covered": 100.0, "percent_covered_display": "100", "missing_lines": 0, "excluded_lines": 0, "num_branches": 4, "num_partial_branches": 0, "covered_branches": 4, "missing_branches": 0}, "missing_lines": [], "excluded_lines": [], "executed_branches": [[922, 923], [922, 925], [929, 930], [929, 932]], "missing_branches": []}, "classify_non_string_kql": {"executed_lines": [967, 968, 969, 970, 971, 972, 973, 974, 975, 976, 977, 979, 981], "summary": {"covered_lines": 13, "num_statements": 13, "percent_covered": 100.0, "percent_covered_display": "100", "missing_lines": 0, "excluded_lines": 0, "num_branches": 10, "num_partial_branches": 0, "covered_branches": 10, "missing_branches": 0}, "missing_lines": [], "excluded_lines": [], "executed_branches": [[968, 969], [968, 981], [970, 971], [970, 972], [972, 973], [972, 974], [974, 975], [974, 976], [976, 977], [976, 979]], "missing_branches": []}, "tokenize_kql": {"executed_lines": [989, 990, 991, 992, 994, 995, 996, 997, 998, 999, 1000, 1005, 1006, 1007, 1008, 1010, 1012, 1013, 1030, 1031, 1032, 1033, 1035, 1036, 1038], "summary": {"covered_lines": 25, "num_statements": 25, "percent_covered": 100.0, "percent_covered_display": "100", "missing_lines": 0, "excluded_lines": 0, "num_branches": 14, "num_partial_branches": 0, "covered_branches": 14, "missing_branches": 0}, "missing_lines": [], "excluded_lines": [], "executed_branches": [[994, 995], [994, 1035], [995, 996], [995, 1012], [996, 997], [996, 1006], [997, 998], [997, 1000], [1006, 1007], [1006, 1010], [1030, 994], [1030, 1031], [1035, 1036], [1035, 1038]], "missing_branches": []}, "split_kql": {"executed_lines": [1046, 1047, 1048, 1050, 1051, 1052, 1053, 1054, 1056, 1058, 1059, 1061], "summary": {"covered_lines": 12, "num_statements": 12, "percent_covered": 100.0, "percent_covered_display": "100", "missing_lines": 0, "excluded_lines": 0, "num_branches": 8, "num_partial_branches": 0, "covered_branches": 8, "missing_branches": 0}, "missing_lines": [], "excluded_lines": [], "executed_branches": [[1050, 1051], [1050, 1058], [1051, 1052], [1051, 1056], [1052, 1050], [1052, 1053], [1058, 1059], [1058, 1061]], "missing_branches": []}, "KustoKQLStatement.__init__": {"executed_lines": [1087], "summary": {"covered_lines": 1, "num_statements": 1, "percent_covered": 100.0, "percent_covered_display": "100", "missing_lines": 0, "excluded_lines": 0, "num_branches": 0, "num_partial_branches": 0, "covered_branches": 0, "missing_branches": 0}, "missing_lines": [], "excluded_lines": [], "executed_branches": [], "missing_branches": []}, "KustoKQLStatement.split_script": {"executed_lines": [1102], "summary": {"covered_lines": 1, "num_statements": 1, "percent_covered": 100.0, "percent_covered_display": "100", "missing_lines": 0, "excluded_lines": 0, "num_branches": 0, "num_partial_branches": 0, "covered_branches": 0, "missing_branches": 0}, "missing_lines": [], "excluded_lines": [], "executed_branches": [], "missing_branches": []}, "KustoKQLStatement._parse_statement": {"executed_lines": [1112, 1113, 1119, 1120, 1121, 1127], "summary": {"covered_lines": 6, "num_statements": 6, "percent_covered": 100.0, "percent_covered_display": "100", "missing_lines": 0, "excluded_lines": 0, "num_branches": 4, "num_partial_branches": 0, "covered_branches": 4, "missing_branches": 0}, "missing_lines": [], "excluded_lines": [], "executed_branches": [[1112, 1113], [1112, 1119], [1120, 1121], [1120, 1127]], "missing_branches": []}, "KustoKQLStatement._extract_tables_from_statement": {"executed_lines": [1144, 1148], "summary": {"covered_lines": 2, "num_statements": 2, "percent_covered": 100.0, "percent_covered_display": "100", "missing_lines": 0, "excluded_lines": 0, "num_branches": 0, "num_partial_branches": 0, "covered_branches": 0, "missing_branches": 0}, "missing_lines": [], "excluded_lines": [], "executed_branches": [], "missing_branches": []}, "KustoKQLStatement.format": {"executed_lines": [1154], "summary": {"covered_lines": 1, "num_statements": 1, "percent_covered": 100.0, "percent_covered_display": "100", "missing_lines": 0, "excluded_lines": 0, "num_branches": 0, "num_partial_branches": 0, "covered_branches": 0, "missing_branches": 0}, "missing_lines": [], "excluded_lines": [], "executed_branches": [], "missing_branches": []}, "KustoKQLStatement.get_settings": {"executed_lines": [1165, 1166, 1167, 1169], "summary": {"covered_lines": 4, "num_statements": 4, "percent_covered": 100.0, "percent_covered_display": "100", "missing_lines": 0, "excluded_lines": 0, "num_branches": 2, "num_partial_branches": 0, "covered_branches": 2, "missing_branches": 0}, "missing_lines": [], "excluded_lines": [], "executed_branches": [[1166, 1167], [1166, 1169]], "missing_branches": []}, "KustoKQLStatement.is_select": {"executed_lines": [1175], "summary": {"covered_lines": 1, "num_statements": 1, "percent_covered": 100.0, "percent_covered_display": "100", "missing_lines": 0, "excluded_lines": 0, "num_branches": 0, "num_partial_branches": 0, "covered_branches": 0, "missing_branches": 0}, "missing_lines": [], "excluded_lines": [], "executed_branches": [], "missing_branches": []}, "KustoKQLStatement.is_mutating": {"executed_lines": [1183], "summary": {"covered_lines": 1, "num_statements": 1, "percent_covered": 100.0, "percent_covered_display": "100", "missing_lines": 0, "excluded_lines": 0, "num_branches": 0, "num_partial_branches": 0, "covered_branches": 0, "missing_branches": 0}, "missing_lines": [], "excluded_lines": [], "executed_branches": [], "missing_branches": []}, "KustoKQLStatement.optimize": {"executed_lines": [1191], "summary": {"covered_lines": 1, "num_statements": 1, "percent_covered": 100.0, "percent_covered_display": "100", "missing_lines": 0, "excluded_lines": 0, "num_branches": 0, "num_partial_branches": 0, "covered_branches": 0, "missing_branches": 0}, "missing_lines": [], "excluded_lines": [], "executed_branches": [], "missing_branches": []}, "KustoKQLStatement.check_functions_present": {"executed_lines": [1200, 1201], "summary": {"covered_lines": 2, "num_statements": 2, "percent_covered": 100.0, "percent_covered_display": "100", "missing_lines": 0, "excluded_lines": 0, "num_branches": 0, "num_partial_branches": 0, "covered_branches": 0, "missing_branches": 0}, "missing_lines": [], "excluded_lines": [], "executed_branches": [], "missing_branches": []}, "KustoKQLStatement.check_tables_present": {"executed_lines": [1210, 1211], "summary": {"covered_lines": 2, "num_statements": 2, "percent_covered": 100.0, "percent_covered_display": "100", "missing_lines": 0, "excluded_lines": 0, "num_branches": 0, "num_partial_branches": 0, "covered_branches": 0, "missing_branches": 0}, "missing_lines": [], "excluded_lines": [], "executed_branches": [], "missing_branches": []}, "KustoKQLStatement.get_limit_value": {"executed_lines": [1217, 1222, 1223, 1224, 1225, 1226, 1228], "summary": {"covered_lines": 7, "num_statements": 7, "percent_covered": 100.0, "percent_covered_display": "100", "missing_lines": 0, "excluded_lines": 0, "num_branches": 6, "num_partial_branches": 0, "covered_branches": 6, "missing_branches": 0}, "missing_lines": [], "excluded_lines": [], "executed_branches": [[1222, 1223], [1222, 1228], [1223, 1222], [1223, 1224], [1224, 1225], [1224, 1226]], "missing_branches": []}, "KustoKQLStatement.set_limit_value": {"executed_lines": [1238, 1239, 1245, 1246, 1247, 1248, 1249, 1251, 1252, 1253, 1255, 1266], "summary": {"covered_lines": 12, "num_statements": 12, "percent_covered": 100.0, "percent_covered_display": "100", "missing_lines": 0, "excluded_lines": 0, "num_branches": 8, "num_partial_branches": 0, "covered_branches": 8, "missing_branches": 0}, "missing_lines": [], "excluded_lines": [], "executed_branches": [[1238, 1239], [1238, 1245], [1247, 1248], [1247, 1255], [1248, 1249], [1248, 1251], [1251, 1247], [1251, 1252]], "missing_branches": []}, "KustoKQLStatement.parse_predicate": {"executed_lines": [1275], "summary": {"covered_lines": 1, "num_statements": 1, "percent_covered": 100.0, "percent_covered_display": "100", "missing_lines": 0, "excluded_lines": 0, "num_branches": 0, "num_partial_branches": 0, "covered_branches": 0, "missing_branches": 0}, "missing_lines": [], "excluded_lines": [], "executed_branches": [], "missing_branches": []}, "SQLScript.__init__": {"executed_lines": [1295, 1296, 1297], "summary": {"covered_lines": 3, "num_statements": 3, "percent_covered": 100.0, "percent_covered_display": "100", "missing_lines": 0, "excluded_lines": 0, "num_branches": 0, "num_partial_branches": 0, "covered_branches": 0, "missing_branches": 0}, "missing_lines": [], "excluded_lines": [], "executed_branches": [], "missing_branches": []}, "SQLScript.format": {"executed_lines": [1306], "summary": {"covered_lines": 1, "num_statements": 1, "percent_covered": 100.0, "percent_covered_display": "100", "missing_lines": 0, "excluded_lines": 0, "num_branches": 0, "num_partial_branches": 0, "covered_branches": 0, "missing_branches": 0}, "missing_lines": [], "excluded_lines": [], "executed_branches": [], "missing_branches": []}, "SQLScript.get_settings": {"executed_lines": [1317, 1318, 1319, 1321], "summary": {"covered_lines": 4, "num_statements": 4, "percent_covered": 100.0, "percent_covered_display": "100", "missing_lines": 0, "excluded_lines": 0, "num_branches": 2, "num_partial_branches": 0, "covered_branches": 2, "missing_branches": 0}, "missing_lines": [], "excluded_lines": [], "executed_branches": [[1318, 1319], [1318, 1321]], "missing_branches": []}, "SQLScript.has_mutation": {"executed_lines": [1329], "summary": {"covered_lines": 1, "num_statements": 1, "percent_covered": 100.0, "percent_covered_display": "100", "missing_lines": 0, "excluded_lines": 0, "num_branches": 0, "num_partial_branches": 0, "covered_branches": 0, "missing_branches": 0}, "missing_lines": [], "excluded_lines": [], "executed_branches": [], "missing_branches": []}, "SQLScript.optimize": {"executed_lines": [1335, 1336, 1340], "summary": {"covered_lines": 3, "num_statements": 3, "percent_covered": 100.0, "percent_covered_display": "100", "missing_lines": 0, "excluded_lines": 0, "num_branches": 0, "num_partial_branches": 0, "covered_branches": 0, "missing_branches": 0}, "missing_lines": [], "excluded_lines": [], "executed_branches": [], "missing_branches": []}, "SQLScript.check_functions_present": {"executed_lines": [1349], "summary": {"covered_lines": 1, "num_statements": 1, "percent_covered": 100.0, "percent_covered_display": "100", "missing_lines": 0, "excluded_lines": 0, "num_branches": 0, "num_partial_branches": 0, "covered_branches": 0, "missing_branches": 0}, "missing_lines": [], "excluded_lines": [], "executed_branches": [], "missing_branches": []}, "SQLScript.check_tables_present": {"executed_lines": [1361], "summary": {"covered_lines": 1, "num_statements": 1, "percent_covered": 100.0, "percent_covered_display": "100", "missing_lines": 0, "excluded_lines": 0, "num_branches": 0, "num_partial_branches": 0, "covered_branches": 0, "missing_branches": 0}, "missing_lines": [], "excluded_lines": [], "executed_branches": [], "missing_branches": []}, "SQLScript.is_valid_ctas": {"executed_lines": [1372], "summary": {"covered_lines": 1, "num_statements": 1, "percent_covered": 100.0, "percent_covered_display": "100", "missing_lines": 0, "excluded_lines": 0, "num_branches": 0, "num_partial_branches": 0, "covered_branches": 0, "missing_branches": 0}, "missing_lines": [], "excluded_lines": [], "executed_branches": [], "missing_branches": []}, "SQLScript.is_valid_cvas": {"executed_lines": [1381], "summary": {"covered_lines": 1, "num_statements": 1, "percent_covered": 100.0, "percent_covered_display": "100", "missing_lines": 0, "excluded_lines": 0, "num_branches": 0, "num_partial_branches": 0, "covered_branches": 0, "missing_branches": 0}, "missing_lines": [], "excluded_lines": [], "executed_branches": [], "missing_branches": []}, "extract_tables_from_statement": {"executed_lines": [1401, 1404, 1405, 1408, 1409, 1410, 1412, 1413, 1414, 1415, 1416, 1418, 1425], "summary": {"covered_lines": 13, "num_statements": 13, "percent_covered": 100.0, "percent_covered_display": "100", "missing_lines": 0, "excluded_lines": 0, "num_branches": 6, "num_partial_branches": 0, "covered_branches": 6, "missing_branches": 0}, "missing_lines": [], "excluded_lines": [], "executed_branches": [[1401, 1404], [1401, 1405], [1405, 1408], [1405, 1418], [1409, 1410], [1409, 1412]], "missing_branches": []}, "is_cte": {"executed_lines": [1447, 1448, 1454], "summary": {"covered_lines": 3, "num_statements": 3, "percent_covered": 100.0, "percent_covered_display": "100", "missing_lines": 0, "excluded_lines": 0, "num_branches": 0, "num_partial_branches": 0, "covered_branches": 0, "missing_branches": 0}, "missing_lines": [], "excluded_lines": [], "executed_branches": [], "missing_branches": []}, "remove_quotes": {"executed_lines": [1476, 1477, 1479, 1480, 1482], "summary": {"covered_lines": 5, "num_statements": 5, "percent_covered": 100.0, "percent_covered_display": "100", "missing_lines": 0, "excluded_lines": 0, "num_branches": 4, "num_partial_branches": 0, "covered_branches": 4, "missing_branches": 0}, "missing_lines": [], "excluded_lines": [], "executed_branches": [[1476, 1477], [1476, 1479], [1479, 1480], [1479, 1482]], "missing_branches": []}, "process_jinja_sql": {"executed_lines": [1507, 1511, 1512, 1514, 1516, 1517, 1522, 1523, 1532, 1533, 1536, 1537, 1538, 1541, 1542, 1543, 1545, 1549, 1550, 1552], "summary": {"covered_lines": 20, "num_statements": 20, "percent_covered": 100.0, "percent_covered_display": "100", "missing_lines": 0, "excluded_lines": 0, "num_branches": 6, "num_partial_branches": 0, "covered_branches": 6, "missing_branches": 0}, "missing_lines": [], "excluded_lines": [], "executed_branches": [[1516, 1517], [1516, 1541], [1517, 1516], [1517, 1522], [1549, 1550], [1549, 1552]], "missing_branches": []}, "sanitize_clause": {"executed_lines": [1559, 1560, 1561, 1562, 1564, 1570, 1571], "summary": {"covered_lines": 7, "num_statements": 7, "percent_covered": 100.0, "percent_covered_display": "100", "missing_lines": 0, "excluded_lines": 0, "num_branches": 0, "num_partial_branches": 0, "covered_branches": 0, "missing_branches": 0}, "missing_lines": [], "excluded_lines": [], "executed_branches": [], "missing_branches": []}, "transpile_to_dialect": {"executed_lines": [], "summary": {"covered_lines": 0, "num_statements": 11, "percent_covered": 0.0, "percent_covered_display": "0", "missing_lines": 11, "excluded_lines": 0, "num_branches": 2, "num_partial_branches": 0, "covered_branches": 0, "missing_branches": 2}, "missing_lines": [1592, 1595, 1596, 1599, 1601, 1602, 1603, 1609, 1610, 1611, 1612], "excluded_lines": [], "executed_branches": [], "missing_branches": [[1595, 1596], [1595, 1599]]}, "": {"executed_lines": [18, 20, 21, 22, 23, 24, 25, 26, 27, 29, 30, 31, 32, 36, 37, 38, 41, 47, 48, 50, 54, 58, 121, 122, 128, 129, 130, 133, 134, 135, 138, 139, 143, 144, 147, 148, 152, 162, 177, 178, 199, 232, 233, 255, 284, 285, 286, 290, 291, 292, 294, 307, 310, 332, 338, 341, 342, 353, 369, 370, 384, 385, 399, 400, 410, 416, 428, 434, 442, 448, 457, 466, 472, 482, 490, 499, 513, 521, 530, 546, 550, 551, 557, 566, 567, 623, 624, 633, 634, 652, 653, 664, 670, 722, 733, 751, 763, 780, 790, 795, 810, 833, 841, 863, 884, 899, 908, 936, 937, 944, 945, 946, 947, 950, 951, 955, 956, 957, 958, 959, 960, 963, 984, 1041, 1064, 1065, 1081, 1089, 1090, 1106, 1107, 1129, 1130, 1150, 1156, 1171, 1177, 1185, 1193, 1203, 1213, 1230, 1268, 1278, 1279, 1286, 1290, 1299, 1308, 1323, 1331, 1342, 1354, 1365, 1374, 1384, 1435, 1457, 1460, 1461, 1462, 1468, 1469, 1472, 1485, 1555, 1574], "summary": {"covered_lines": 153, "num_statements": 153, "percent_covered": 100.0, "percent_covered_display": "100", "missing_lines": 0, "excluded_lines": 2, "num_branches": 0, "num_partial_branches": 0, "covered_branches": 0, "missing_branches": 0}, "missing_lines": [], "excluded_lines": [50, 51], "executed_branches": [], "missing_branches": []}}, "classes": {"LimitMethod": {"executed_lines": [], "summary": {"covered_lines": 0, "num_statements": 0, "percent_covered": 100.0, "percent_covered_display": "100", "missing_lines": 0, "excluded_lines": 0, "num_branches": 0, "num_partial_branches": 0, "covered_branches": 0, "missing_branches": 0}, "missing_lines": [], "excluded_lines": [], "executed_branches": [], "missing_branches": []}, "CTASMethod": {"executed_lines": [], "summary": {"covered_lines": 0, "num_statements": 0, "percent_covered": 100.0, "percent_covered_display": "100", "missing_lines": 0, "excluded_lines": 0, "num_branches": 0, "num_partial_branches": 0, "covered_branches": 0, "missing_branches": 0}, "missing_lines": [], "excluded_lines": [], "executed_branches": [], "missing_branches": []}, "RLSMethod": {"executed_lines": [], "summary": {"covered_lines": 0, "num_statements": 0, "percent_covered": 100.0, "percent_covered_display": "100", "missing_lines": 0, "excluded_lines": 0, "num_branches": 0, "num_partial_branches": 0, "covered_branches": 0, "missing_branches": 0}, "missing_lines": [], "excluded_lines": [], "executed_branches": [], "missing_branches": []}, "RLSTransformer": {"executed_lines": [158, 159, 160, 166, 171, 172, 174], "summary": {"covered_lines": 7, "num_statements": 7, "percent_covered": 100.0, "percent_covered_display": "100", "missing_lines": 0, "excluded_lines": 0, "num_branches": 2, "num_partial_branches": 0, "covered_branches": 2, "missing_branches": 0}, "missing_lines": [], "excluded_lines": [], "executed_branches": [[171, 172], [171, 174]], "missing_branches": []}, "RLSAsPredicateTransformer": {"executed_lines": [200, 201, 203, 204, 205, 208, 209, 211, 212, 213, 214, 218, 220, 221, 222, 223, 227, 229], "summary": {"covered_lines": 18, "num_statements": 18, "percent_covered": 100.0, "percent_covered_display": "100", "missing_lines": 0, "excluded_lines": 0, "num_branches": 14, "num_partial_branches": 0, "covered_branches": 14, "missing_branches": 0}, "missing_lines": [], "excluded_lines": [], "executed_branches": [[200, 201], [200, 203], [204, 205], [204, 208], [208, 209], [208, 211], [211, 212], [211, 220], [213, 214], [213, 218], [220, 221], [220, 229], [222, 223], [222, 227]], "missing_branches": []}, "RLSAsSubqueryTransformer": {"executed_lines": [256, 257, 259, 260, 261, 269, 271, 272, 281], "summary": {"covered_lines": 9, "num_statements": 9, "percent_covered": 100.0, "percent_covered_display": "100", "missing_lines": 0, "excluded_lines": 0, "num_branches": 6, "num_partial_branches": 0, "covered_branches": 6, "missing_branches": 0}, "missing_lines": [], "excluded_lines": [], "executed_branches": [[256, 257], [256, 259], [259, 260], [259, 281], [260, 261], [260, 269]], "missing_branches": []}, "Table": {"executed_lines": [301, 308, 319], "summary": {"covered_lines": 3, "num_statements": 3, "percent_covered": 100.0, "percent_covered_display": "100", "missing_lines": 0, "excluded_lines": 0, "num_branches": 0, "num_partial_branches": 0, "covered_branches": 0, "missing_branches": 0}, "missing_lines": [], "excluded_lines": [], "executed_branches": [], "missing_branches": []}, "BaseSQLStatement": {"executed_lines": [359, 360, 361, 362, 364, 366, 367, 547], "summary": {"covered_lines": 8, "num_statements": 8, "percent_covered": 100.0, "percent_covered_display": "100", "missing_lines": 0, "excluded_lines": 18, "num_branches": 4, "num_partial_branches": 0, "covered_branches": 4, "missing_branches": 0}, "missing_lines": [], "excluded_lines": [382, 397, 408, 414, 426, 432, 440, 446, 455, 464, 470, 480, 488, 497, 511, 519, 528, 544], "executed_branches": [[359, 360], [359, 361], [361, 362], [361, 364]], "missing_branches": []}, "SQLStatement": {"executed_lines": [563, 564, 576, 577, 578, 579, 583, 584, 585, 586, 588, 590, 592, 601, 602, 603, 611, 612, 613, 614, 615, 616, 618, 619, 621, 629, 642, 643, 644, 650, 661, 662, 668, 676, 687, 688, 689, 693, 696, 704, 708, 714, 715, 720, 726, 742, 756, 757, 759, 761, 770, 778, 787, 788, 792, 793, 799, 800, 801, 802, 805, 806, 808, 818, 819, 822, 823, 831, 839, 852, 853, 854, 858, 871, 876, 882, 890, 906, 922, 923, 925, 929, 930, 932, 933], "summary": {"covered_lines": 83, "num_statements": 83, "percent_covered": 100.0, "percent_covered_display": "100", "missing_lines": 0, "excluded_lines": 3, "num_branches": 30, "num_partial_branches": 0, "covered_branches": 30, "missing_branches": 0}, "missing_lines": [], "excluded_lines": [615, 616, 694], "executed_branches": [[583, 584], [583, 592], [611, 612], [611, 621], [643, 644], [643, 650], [687, 688], [687, 693], [688, 687], [688, 689], [696, 704], [696, 708], [708, 714], [708, 720], [756, 757], [756, 759], [799, 800], [799, 801], [801, 802], [801, 808], [805, 806], [805, 808], [818, 819], [818, 822], [822, 823], [822, 831], [922, 923], [922, 925], [929, 930], [929, 932]], "missing_branches": []}, "KQLSplitState": {"executed_lines": [], "summary": {"covered_lines": 0, "num_statements": 0, "percent_covered": 100.0, "percent_covered_display": "100", "missing_lines": 0, "excluded_lines": 0, "num_branches": 0, "num_partial_branches": 0, "covered_branches": 0, "missing_branches": 0}, "missing_lines": [], "excluded_lines": [], "executed_branches": [], "missing_branches": []}, "KQLTokenType": {"executed_lines": [], "summary": {"covered_lines": 0, "num_statements": 0, "percent_covered": 100.0, "percent_covered_display": "100", "missing_lines": 0, "excluded_lines": 0, "num_branches": 0, "num_partial_branches": 0, "covered_branches": 0, "missing_branches": 0}, "missing_lines": [], "excluded_lines": [], "executed_branches": [], "missing_branches": []}, "KustoKQLStatement": {"executed_lines": [1087, 1102, 1112, 1113, 1119, 1120, 1121, 1127, 1144, 1148, 1154, 1165, 1166, 1167, 1169, 1175, 1183, 1191, 1200, 1201, 1210, 1211, 1217, 1222, 1223, 1224, 1225, 1226, 1228, 1238, 1239, 1245, 1246, 1247, 1248, 1249, 1251, 1252, 1253, 1255, 1266, 1275], "summary": {"covered_lines": 42, "num_statements": 42, "percent_covered": 100.0, "percent_covered_display": "100", "missing_lines": 0, "excluded_lines": 0, "num_branches": 20, "num_partial_branches": 0, "covered_branches": 20, "missing_branches": 0}, "missing_lines": [], "excluded_lines": [], "executed_branches": [[1112, 1113], [1112, 1119], [1120, 1121], [1120, 1127], [1166, 1167], [1166, 1169], [1222, 1223], [1222, 1228], [1223, 1222], [1223, 1224], [1224, 1225], [1224, 1226], [1238, 1239], [1238, 1245], [1247, 1248], [1247, 1255], [1248, 1249], [1248, 1251], [1251, 1247], [1251, 1252]], "missing_branches": []}, "SQLScript": {"executed_lines": [1295, 1296, 1297, 1306, 1317, 1318, 1319, 1321, 1329, 1335, 1336, 1340, 1349, 1361, 1372, 1381], "summary": {"covered_lines": 16, "num_statements": 16, "percent_covered": 100.0, "percent_covered_display": "100", "missing_lines": 0, "excluded_lines": 0, "num_branches": 2, "num_partial_branches": 0, "covered_branches": 2, "missing_branches": 0}, "missing_lines": [], "excluded_lines": [], "executed_branches": [[1318, 1319], [1318, 1321]], "missing_branches": []}, "JinjaSQLResult": {"executed_lines": [], "summary": {"covered_lines": 0, "num_statements": 0, "percent_covered": 100.0, "percent_covered_display": "100", "missing_lines": 0, "excluded_lines": 0, "num_branches": 0, "num_partial_branches": 0, "covered_branches": 0, "missing_branches": 0}, "missing_lines": [], "excluded_lines": [], "executed_branches": [], "missing_branches": []}, "": {"executed_lines": [18, 20, 21, 22, 23, 24, 25, 26, 27, 29, 30, 31, 32, 36, 37, 38, 41, 47, 48, 50, 54, 58, 121, 122, 128, 129, 130, 133, 134, 135, 138, 139, 143, 144, 147, 148, 152, 162, 177, 178, 199, 232, 233, 255, 284, 285, 286, 290, 291, 292, 294, 307, 310, 332, 338, 341, 342, 353, 369, 370, 384, 385, 399, 400, 410, 416, 428, 434, 442, 448, 457, 466, 472, 482, 490, 499, 513, 521, 530, 546, 550, 551, 557, 566, 567, 623, 624, 633, 634, 652, 653, 664, 670, 722, 733, 751, 763, 780, 790, 795, 810, 833, 841, 863, 884, 899, 908, 936, 937, 944, 945, 946, 947, 950, 951, 955, 956, 957, 958, 959, 960, 963, 967, 968, 969, 970, 971, 972, 973, 974, 975, 976, 977, 979, 981, 984, 989, 990, 991, 992, 994, 995, 996, 997, 998, 999, 1000, 1005, 1006, 1007, 1008, 1010, 1012, 1013, 1030, 1031, 1032, 1033, 1035, 1036, 1038, 1041, 1046, 1047, 1048, 1050, 1051, 1052, 1053, 1054, 1056, 1058, 1059, 1061, 1064, 1065, 1081, 1089, 1090, 1106, 1107, 1129, 1130, 1150, 1156, 1171, 1177, 1185, 1193, 1203, 1213, 1230, 1268, 1278, 1279, 1286, 1290, 1299, 1308, 1323, 1331, 1342, 1354, 1365, 1374, 1384, 1401, 1404, 1405, 1408, 1409, 1410, 1412, 1413, 1414, 1415, 1416, 1418, 1425, 1435, 1447, 1448, 1454, 1457, 1460, 1461, 1462, 1468, 1469, 1472, 1476, 1477, 1479, 1480, 1482, 1485, 1507, 1511, 1512, 1514, 1516, 1517, 1522, 1523, 1532, 1533, 1536, 1537, 1538, 1541, 1542, 1543, 1545, 1549, 1550, 1552, 1555, 1559, 1560, 1561, 1562, 1564, 1570, 1571, 1574], "summary": {"covered_lines": 251, "num_statements": 262, "percent_covered": 95.83333333333333, "percent_covered_display": "96", "missing_lines": 11, "excluded_lines": 2, "num_branches": 50, "num_partial_branches": 0, "covered_branches": 48, "missing_branches": 2}, "missing_lines": [1592, 1595, 1596, 1599, 1601, 1602, 1603, 1609, 1610, 1611, 1612], "excluded_lines": [50, 51], "executed_branches": [[968, 969], [968, 981], [970, 971], [970, 972], [972, 973], [972, 974], [974, 975], [974, 976], [976, 977], [976, 979], [994, 995], [994, 1035], [995, 996], [995, 1012], [996, 997], [996, 1006], [997, 998], [997, 1000], [1006, 1007], [1006, 1010], [1030, 994], [1030, 1031], [1035, 1036], [1035, 1038], [1050, 1051], [1050, 1058], [1051, 1052], [1051, 1056], [1052, 1050], [1052, 1053], [1058, 1059], [1058, 1061], [1401, 1404], [1401, 1405], [1405, 1408], [1405, 1418], [1409, 1410], [1409, 1412], [1476, 1477], [1476, 1479], [1479, 1480], [1479, 1482], [1516, 1517], [1516, 1541], [1517, 1516], [1517, 1522], [1549, 1550], [1549, 1552]], "missing_branches": [[1595, 1596], [1595, 1599]]}}}, "superset/sql_lab.py": {"executed_lines": [18, 19, 20, 21, 22, 23, 24, 25, 27, 28, 29, 30, 31, 33, 40, 41, 42, 43, 44, 45, 56, 57, 58, 59, 60, 61, 62, 63, 68, 69, 70, 72, 75, 76, 79, 80, 83, 84, 87, 88, 91, 98, 99, 100, 101, 102, 106, 110, 111, 119, 120, 121, 123, 124, 125, 127, 130, 141, 146, 154, 166, 171, 182, 183, 184, 185, 194, 195, 196, 197, 198, 199, 202, 205, 225, 229, 230, 233, 236, 238, 241, 242, 249, 255, 256, 258, 259, 260, 269, 270, 275, 276, 277, 279, 280, 285, 286, 287, 288, 321, 322, 323, 326, 336, 342, 346, 347, 348, 349, 352, 358, 360, 361, 363, 368, 369, 371, 374, 385, 390, 391, 392, 393, 394, 396, 399, 400, 401, 402, 404, 406, 410, 415, 419, 429, 432, 437, 457, 458, 463, 464, 466, 471, 478, 480, 481, 482, 483, 485, 486, 488, 489, 494, 499, 500, 501, 504, 506, 507, 526, 530, 531, 532, 533, 534, 541, 543, 544, 549, 559, 561, 562, 563, 564, 567, 568, 569, 572, 577, 578, 579, 581, 582, 583, 591, 592, 595, 596, 599, 602, 603, 634, 635, 642, 643, 644, 646, 648, 649, 657, 666, 667, 670, 671, 673, 682, 687], "summary": {"covered_lines": 206, "num_statements": 308, "percent_covered": 60.78431372549019, "percent_covered_display": "61", "missing_lines": 102, "excluded_lines": 2, "num_branches": 100, "num_partial_branches": 30, "covered_branches": 42, "missing_branches": 58}, "missing_lines": [107, 112, 113, 115, 126, 131, 132, 133, 134, 142, 143, 156, 157, 158, 159, 209, 210, 211, 212, 214, 219, 220, 222, 239, 261, 291, 292, 293, 295, 296, 297, 308, 310, 311, 314, 315, 316, 318, 319, 329, 330, 331, 333, 355, 364, 387, 388, 397, 413, 421, 422, 423, 424, 425, 426, 427, 430, 433, 434, 435, 440, 444, 445, 449, 451, 455, 490, 491, 508, 509, 510, 511, 512, 513, 522, 523, 527, 535, 593, 605, 610, 612, 616, 617, 618, 622, 623, 674, 675, 684, 698, 699, 702, 704, 708, 710, 711, 712, 714, 719, 720, 721], "excluded_lines": [72, 73], "executed_branches": [[106, 110], [110, 111], [120, 121], [125, 127], [233, 236], [233, 238], [238, 241], [241, 242], [260, 269], [287, 288], [346, 347], [346, 360], [347, 348], [363, 368], [385, 390], [396, 399], [410, 415], [419, 429], [429, 432], [432, 437], [437, 457], [457, 458], [457, 463], [463, 464], [463, 466], [481, 482], [486, 488], [486, 526], [489, 494], [526, 530], [534, 541], [561, 562], [577, 578], [581, 582], [581, 591], [592, 595], [603, 634], [642, 643], [646, 648], [648, 649], [666, 667], [673, 682]], "missing_branches": [[106, 107], [110, 112], [112, 113], [112, 115], [120, 123], [125, 126], [209, 210], [209, 214], [238, 239], [241, -225], [260, 261], [287, 291], [315, 316], [315, 318], [330, 331], [330, 333], [347, 355], [363, 364], [385, 387], [396, 397], [410, 413], [419, 421], [422, 423], [422, 427], [424, 422], [424, 425], [425, 424], [425, 426], [429, 430], [432, 433], [434, 435], [434, 437], [437, 440], [440, 444], [440, 445], [445, 449], [445, 451], [481, 485], [489, 490], [526, 527], [534, 535], [561, 642], [577, 591], [592, 593], [603, 605], [616, 617], [616, 642], [642, 644], [646, 684], [648, 666], [666, 682], [673, 674], [698, 699], [698, 702], [704, 708], [704, 710], [711, 712], [711, 714]], "functions": {"handle_query_error": {"executed_lines": [98, 99, 100, 101, 102, 106, 110, 111, 119, 120, 121, 123, 124, 125, 127], "summary": {"covered_lines": 15, "num_statements": 20, "percent_covered": 63.333333333333336, "percent_covered_display": "63", "missing_lines": 5, "excluded_lines": 0, "num_branches": 10, "num_partial_branches": 4, "covered_branches": 4, "missing_branches": 6}, "missing_lines": [107, 112, 113, 115, 126], "excluded_lines": [], "executed_branches": [[106, 110], [110, 111], [120, 121], [125, 127]], "missing_branches": [[106, 107], [110, 112], [112, 113], [112, 115], [120, 123], [125, 126]]}, "get_query_backoff_handler": {"executed_lines": [], "summary": {"covered_lines": 0, "num_statements": 4, "percent_covered": 0.0, "percent_covered_display": "0", "missing_lines": 4, "excluded_lines": 0, "num_branches": 0, "num_partial_branches": 0, "covered_branches": 0, "missing_branches": 0}, "missing_lines": [131, 132, 133, 134], "excluded_lines": [], "executed_branches": [], "missing_branches": []}, "get_query_giveup_handler": {"executed_lines": [], "summary": {"covered_lines": 0, "num_statements": 2, "percent_covered": 0.0, "percent_covered_display": "0", "missing_lines": 2, "excluded_lines": 0, "num_branches": 0, "num_partial_branches": 0, "covered_branches": 0, "missing_branches": 0}, "missing_lines": [142, 143], "excluded_lines": [], "executed_branches": [], "missing_branches": []}, "get_query": {"executed_lines": [], "summary": {"covered_lines": 0, "num_statements": 4, "percent_covered": 0.0, "percent_covered_display": "0", "missing_lines": 4, "excluded_lines": 0, "num_branches": 0, "num_partial_branches": 0, "covered_branches": 0, "missing_branches": 0}, "missing_lines": [156, 157, 158, 159], "excluded_lines": [], "executed_branches": [], "missing_branches": []}, "get_sql_results": {"executed_lines": [182, 183, 184, 185, 194, 195, 196, 197, 198, 199], "summary": {"covered_lines": 10, "num_statements": 10, "percent_covered": 100.0, "percent_covered_display": "100", "missing_lines": 0, "excluded_lines": 0, "num_branches": 0, "num_partial_branches": 0, "covered_branches": 0, "missing_branches": 0}, "missing_lines": [], "excluded_lines": [], "executed_branches": [], "missing_branches": []}, "apply_ctas": {"executed_lines": [], "summary": {"covered_lines": 0, "num_statements": 8, "percent_covered": 0.0, "percent_covered_display": "0", "missing_lines": 8, "excluded_lines": 0, "num_branches": 2, "num_partial_branches": 0, "covered_branches": 0, "missing_branches": 2}, "missing_lines": [209, 210, 211, 212, 214, 219, 220, 222], "excluded_lines": [], "executed_branches": [], "missing_branches": [[209, 210], [209, 214]]}, "apply_limit": {"executed_lines": [229, 230, 233, 236, 238, 241, 242], "summary": {"covered_lines": 7, "num_statements": 8, "percent_covered": 78.57142857142857, "percent_covered_display": "79", "missing_lines": 1, "excluded_lines": 0, "num_branches": 6, "num_partial_branches": 2, "covered_branches": 4, "missing_branches": 2}, "missing_lines": [239], "excluded_lines": [], "executed_branches": [[233, 236], [233, 238], [238, 241], [241, 242]], "missing_branches": [[238, 239], [241, -225]]}, "execute_query": {"executed_lines": [255, 256, 258, 259, 260, 269, 270, 275, 276, 277, 279, 280, 285, 286, 287, 288, 321, 322, 323], "summary": {"covered_lines": 19, "num_statements": 34, "percent_covered": 52.5, "percent_covered_display": "52", "missing_lines": 15, "excluded_lines": 0, "num_branches": 6, "num_partial_branches": 2, "covered_branches": 2, "missing_branches": 4}, "missing_lines": [261, 291, 292, 293, 295, 296, 297, 308, 310, 311, 314, 315, 316, 318, 319], "excluded_lines": [], "executed_branches": [[260, 269], [287, 288]], "missing_branches": [[260, 261], [287, 291], [315, 316], [315, 318]]}, "_serialize_payload": {"executed_lines": [], "summary": {"covered_lines": 0, "num_statements": 4, "percent_covered": 0.0, "percent_covered_display": "0", "missing_lines": 4, "excluded_lines": 0, "num_branches": 2, "num_partial_branches": 0, "covered_branches": 0, "missing_branches": 2}, "missing_lines": [329, 330, 331, 333], "excluded_lines": [], "executed_branches": [], "missing_branches": [[330, 331], [330, 333]]}, "_serialize_and_expand_data": {"executed_lines": [342, 346, 347, 348, 349, 352, 358, 360, 361, 363, 368, 369, 371], "summary": {"covered_lines": 13, "num_statements": 15, "percent_covered": 80.95238095238095, "percent_covered_display": "81", "missing_lines": 2, "excluded_lines": 0, "num_branches": 6, "num_partial_branches": 2, "covered_branches": 4, "missing_branches": 2}, "missing_lines": [355, 364], "excluded_lines": [], "executed_branches": [[346, 347], [346, 360], [347, 348], [363, 368]], "missing_branches": [[347, 355], [363, 364]]}, "execute_sql_statements": {"executed_lines": [385, 390, 391, 392, 393, 394, 396, 399, 400, 401, 402, 404, 406, 410, 415, 419, 429, 432, 437, 457, 458, 463, 464, 466, 471, 478, 480, 481, 482, 483, 485, 486, 488, 489, 494, 499, 500, 501, 504, 506, 507, 526, 530, 531, 532, 533, 534, 541, 543, 544, 549, 559, 561, 562, 563, 564, 567, 568, 569, 572, 577, 578, 579, 581, 582, 583, 591, 592, 595, 596, 599, 602, 603, 634, 635, 642, 643, 644, 646, 648, 649, 657, 666, 667, 670, 671, 673, 682], "summary": {"covered_lines": 88, "num_statements": 133, "percent_covered": 59.48717948717949, "percent_covered_display": "59", "missing_lines": 45, "excluded_lines": 0, "num_branches": 62, "num_partial_branches": 20, "covered_branches": 28, "missing_branches": 34}, "missing_lines": [387, 388, 397, 413, 421, 422, 423, 424, 425, 426, 427, 430, 433, 434, 435, 440, 444, 445, 449, 451, 455, 490, 491, 508, 509, 510, 511, 512, 513, 522, 523, 527, 535, 593, 605, 610, 612, 616, 617, 618, 622, 623, 674, 675, 684], "excluded_lines": [], "executed_branches": [[385, 390], [396, 399], [410, 415], [419, 429], [429, 432], [432, 437], [437, 457], [457, 458], [457, 463], [463, 464], [463, 466], [481, 482], [486, 488], [486, 526], [489, 494], [526, 530], [534, 541], [561, 562], [577, 578], [581, 582], [581, 591], [592, 595], [603, 634], [642, 643], [646, 648], [648, 649], [666, 667], [673, 682]], "missing_branches": [[385, 387], [396, 397], [410, 413], [419, 421], [422, 423], [422, 427], [424, 422], [424, 425], [425, 424], [425, 426], [429, 430], [432, 433], [434, 435], [434, 437], [437, 440], [440, 444], [440, 445], [445, 449], [445, 451], [481, 485], [489, 490], [526, 527], [534, 535], [561, 642], [577, 591], [592, 593], [603, 605], [616, 617], [616, 642], [642, 644], [646, 684], [648, 666], [666, 682], [673, 674]]}, "cancel_query": {"executed_lines": [], "summary": {"covered_lines": 0, "num_statements": 12, "percent_covered": 0.0, "percent_covered_display": "0", "missing_lines": 12, "excluded_lines": 0, "num_branches": 6, "num_partial_branches": 0, "covered_branches": 0, "missing_branches": 6}, "missing_lines": [698, 699, 702, 704, 708, 710, 711, 712, 714, 719, 720, 721], "excluded_lines": [], "executed_branches": [], "missing_branches": [[698, 699], [698, 702], [704, 708], [704, 710], [711, 712], [711, 714]]}, "": {"executed_lines": [18, 19, 20, 21, 22, 23, 24, 25, 27, 28, 29, 30, 31, 33, 40, 41, 42, 43, 44, 45, 56, 57, 58, 59, 60, 61, 62, 63, 68, 69, 70, 72, 75, 76, 79, 80, 83, 84, 87, 88, 91, 130, 141, 146, 154, 166, 171, 202, 205, 225, 249, 326, 336, 374, 687], "summary": {"covered_lines": 54, "num_statements": 54, "percent_covered": 100.0, "percent_covered_display": "100", "missing_lines": 0, "excluded_lines": 2, "num_branches": 0, "num_partial_branches": 0, "covered_branches": 0, "missing_branches": 0}, "missing_lines": [], "excluded_lines": [72, 73], "executed_branches": [], "missing_branches": []}}, "classes": {"SqlLabException": {"executed_lines": [], "summary": {"covered_lines": 0, "num_statements": 0, "percent_covered": 100.0, "percent_covered_display": "100", "missing_lines": 0, "excluded_lines": 0, "num_branches": 0, "num_partial_branches": 0, "covered_branches": 0, "missing_branches": 0}, "missing_lines": [], "excluded_lines": [], "executed_branches": [], "missing_branches": []}, "SqlLabSecurityException": {"executed_lines": [], "summary": {"covered_lines": 0, "num_statements": 0, "percent_covered": 100.0, "percent_covered_display": "100", "missing_lines": 0, "excluded_lines": 0, "num_branches": 0, "num_partial_branches": 0, "covered_branches": 0, "missing_branches": 0}, "missing_lines": [], "excluded_lines": [], "executed_branches": [], "missing_branches": []}, "SqlLabQueryStoppedException": {"executed_lines": [], "summary": {"covered_lines": 0, "num_statements": 0, "percent_covered": 100.0, "percent_covered_display": "100", "missing_lines": 0, "excluded_lines": 0, "num_branches": 0, "num_partial_branches": 0, "covered_branches": 0, "missing_branches": 0}, "missing_lines": [], "excluded_lines": [], "executed_branches": [], "missing_branches": []}, "": {"executed_lines": [18, 19, 20, 21, 22, 23, 24, 25, 27, 28, 29, 30, 31, 33, 40, 41, 42, 43, 44, 45, 56, 57, 58, 59, 60, 61, 62, 63, 68, 69, 70, 72, 75, 76, 79, 80, 83, 84, 87, 88, 91, 98, 99, 100, 101, 102, 106, 110, 111, 119, 120, 121, 123, 124, 125, 127, 130, 141, 146, 154, 166, 171, 182, 183, 184, 185, 194, 195, 196, 197, 198, 199, 202, 205, 225, 229, 230, 233, 236, 238, 241, 242, 249, 255, 256, 258, 259, 260, 269, 270, 275, 276, 277, 279, 280, 285, 286, 287, 288, 321, 322, 323, 326, 336, 342, 346, 347, 348, 349, 352, 358, 360, 361, 363, 368, 369, 371, 374, 385, 390, 391, 392, 393, 394, 396, 399, 400, 401, 402, 404, 406, 410, 415, 419, 429, 432, 437, 457, 458, 463, 464, 466, 471, 478, 480, 481, 482, 483, 485, 486, 488, 489, 494, 499, 500, 501, 504, 506, 507, 526, 530, 531, 532, 533, 534, 541, 543, 544, 549, 559, 561, 562, 563, 564, 567, 568, 569, 572, 577, 578, 579, 581, 582, 583, 591, 592, 595, 596, 599, 602, 603, 634, 635, 642, 643, 644, 646, 648, 649, 657, 666, 667, 670, 671, 673, 682, 687], "summary": {"covered_lines": 206, "num_statements": 308, "percent_covered": 60.78431372549019, "percent_covered_display": "61", "missing_lines": 102, "excluded_lines": 2, "num_branches": 100, "num_partial_branches": 30, "covered_branches": 42, "missing_branches": 58}, "missing_lines": [107, 112, 113, 115, 126, 131, 132, 133, 134, 142, 143, 156, 157, 158, 159, 209, 210, 211, 212, 214, 219, 220, 222, 239, 261, 291, 292, 293, 295, 296, 297, 308, 310, 311, 314, 315, 316, 318, 319, 329, 330, 331, 333, 355, 364, 387, 388, 397, 413, 421, 422, 423, 424, 425, 426, 427, 430, 433, 434, 435, 440, 444, 445, 449, 451, 455, 490, 491, 508, 509, 510, 511, 512, 513, 522, 523, 527, 535, 593, 605, 610, 612, 616, 617, 618, 622, 623, 674, 675, 684, 698, 699, 702, 704, 708, 710, 711, 712, 714, 719, 720, 721], "excluded_lines": [72, 73], "executed_branches": [[106, 110], [110, 111], [120, 121], [125, 127], [233, 236], [233, 238], [238, 241], [241, 242], [260, 269], [287, 288], [346, 347], [346, 360], [347, 348], [363, 368], [385, 390], [396, 399], [410, 415], [419, 429], [429, 432], [432, 437], [437, 457], [457, 458], [457, 463], [463, 464], [463, 466], [481, 482], [486, 488], [486, 526], [489, 494], [526, 530], [534, 541], [561, 562], [577, 578], [581, 582], [581, 591], [592, 595], [603, 634], [642, 643], [646, 648], [648, 649], [666, 667], [673, 682]], "missing_branches": [[106, 107], [110, 112], [112, 113], [112, 115], [120, 123], [125, 126], [209, 210], [209, 214], [238, 239], [241, -225], [260, 261], [287, 291], [315, 316], [315, 318], [330, 331], [330, 333], [347, 355], [363, 364], [385, 387], [396, 397], [410, 413], [419, 421], [422, 423], [422, 427], [424, 422], [424, 425], [425, 424], [425, 426], [429, 430], [432, 433], [434, 435], [434, 437], [437, 440], [440, 444], [440, 445], [445, 449], [445, 451], [481, 485], [489, 490], [526, 527], [534, 535], [561, 642], [577, 591], [592, 593], [603, 605], [616, 617], [616, 642], [642, 644], [646, 684], [648, 666], [666, 682], [673, 674], [698, 699], [698, 702], [704, 708], [704, 710], [711, 712], [711, 714]]}}}}, "totals": {"covered_lines": 643, "num_statements": 756, "percent_covered": 82.41869918699187, "percent_covered_display": "82", "missing_lines": 113, "excluded_lines": 25, "num_branches": 228, "num_partial_branches": 30, "covered_branches": 168, "missing_branches": 60}}